[22Dec2024 00:00:31.688] [Server thread/INFO] [com.teampotato.redirector.Redirector/]: Redirecting net/blay09/mods/waystones/core/WarpMode
[22Dec2024 00:00:33.555] [Server thread/INFO] [com.teampotato.redirector.Redirector/]: Redirecting net/blay09/mods/waystones/api/EventResult
[22Dec2024 00:00:35.143] [Server thread/INFO] [com.teampotato.redirector.Redirector/]: Redirecting com/github/alexthe666/iceandfire/pathfinding/raycoms/AdvancedPathNavigate$MovementType
[22Dec2024 00:08:19.187] [Server thread/INFO] [net.minecraft.world.entity.LivingEntity/]: Named entity InfectedPlayer['Sire_AwfulThe1st'/41730, l='ServerLevel[world]', x=3460.32, y=24.00, z=2266.85] died: Sire_AwfulThe1st was slain by Fallen Chaos Knight
[22Dec2024 00:08:20.341] [Server thread/INFO] [net.minecraft.server.MinecraftServer/]: [LaiyLiod: Set own game mode to Spectator Mode]
[22Dec2024 00:08:21.576] [Server thread/INFO] [net.minecraft.server.MinecraftServer/]: [LaiyLiod: Set own game mode to Survival Mode]
[22Dec2024 00:08:30.028] [Server thread/INFO] [net.minecraft.server.MinecraftServer/]: [LaiyLiod: Set own game mode to Spectator Mode]
[22Dec2024 00:08:31.428] [Server thread/INFO] [net.minecraft.server.MinecraftServer/]: [LaiyLiod: Set own game mode to Survival Mode]
[22Dec2024 00:08:37.206] [Server thread/INFO] [com.teampotato.redirector.Redirector/]: Redirecting com/ordana/immersive_weathering/network/SendCustomParticlesPacket$EventType
[22Dec2024 00:14:33.881] [Server thread/INFO] [com.teampotato.redirector.Redirector/]: Redirecting net/minecraft/network/chat/FilterMask$Type
[22Dec2024 00:14:33.894] [Server thread/INFO] [net.minecraft.server.MinecraftServer/]: [Server] hola
[22Dec2024 00:16:08.640] [Server thread/INFO] [net.minecraft.server.MinecraftServer/]: [LaiyLiod: Set own game mode to Spectator Mode]
[22Dec2024 00:16:11.627] [Server thread/INFO] [net.minecraft.server.MinecraftServer/]: [LaiyLiod: Set own game mode to Survival Mode]
[22Dec2024 00:18:51.640] [Server thread/INFO] [net.minecraft.server.MinecraftServer/]: [LaiyLiod: Set own game mode to Spectator Mode]
[22Dec2024 00:19:09.481] [Server thread/INFO] [net.minecraft.server.MinecraftServer/]: [LaiyLiod: Set own game mode to Survival Mode]
[22Dec2024 00:21:42.787] [Server thread/INFO] [net.minecraft.server.players.PlayerList/]: PanchikoKW[/172.22.195.18:65505] logged in with entity id 48849 at (3196.0726231074646, 60.0, 2595.5396234063282)
[22Dec2024 00:21:42.834] [Server thread/INFO] [net.minecraft.server.MinecraftServer/]: PanchikoKW joined the game
[22Dec2024 00:21:42.931] [Server thread/INFO] [MapFrontiers/]: PlayerJoinedEvent done (905d1f7b-6652-3a99-9dd9-a3db220a872b)
[22Dec2024 00:21:58.475] [Server thread/INFO] [do_a_barrel_roll/]: Client of PanchikoKW accepted server config.
[22Dec2024 00:22:17.672] [Server thread/INFO] [net.minecraft.server.MinecraftServer/]: [LaiyLiod: Set own game mode to Creative Mode]
[22Dec2024 00:22:27.923] [Server thread/INFO] [net.minecraft.server.MinecraftServer/]: [LaiyLiod: Set own game mode to Survival Mode]
[22Dec2024 00:22:53.244] [Server thread/INFO] [net.minecraft.server.MinecraftServer/]: [LaiyLiod: Set own game mode to Creative Mode]
[22Dec2024 00:23:30.180] [Server thread/INFO] [net.minecraft.server.MinecraftServer/]: [LaiyLiod: Set own game mode to Survival Mode]
[22Dec2024 00:23:37.924] [Server thread/INFO] [net.minecraft.server.MinecraftServer/]: [LaiyLiod: Set own game mode to Creative Mode]
[22Dec2024 00:23:46.916] [Server thread/INFO] [net.minecraft.world.entity.LivingEntity/]: Named entity InfectedPlayer['Bowser'/50128, l='ServerLevel[world]', x=3116.86, y=65.00, z=2565.70] died: Bowser was slain by Door Knight
[22Dec2024 00:24:38.538] [Server thread/INFO] [net.minecraft.server.MinecraftServer/]: [LaiyLiod: Gave 1 [Enchanted Book] to LaiyLiod]
[22Dec2024 00:24:48.778] [Server thread/INFO] [net.minecraft.server.MinecraftServer/]: [LaiyLiod: Set own game mode to Survival Mode]
[22Dec2024 00:26:58.484] [Server thread/INFO] [net.minecraft.server.MinecraftServer/]: [LaiyLiod: Teleported PanchikoKW to LaiyLiod]
[22Dec2024 00:28:49.313] [Server thread/INFO] [net.minecraft.world.entity.LivingEntity/]: Named entity InfectedPlayer['Belladonna'/51732, l='ServerLevel[world]', x=3200.52, y=23.00, z=2647.48] died: Belladonna died
[22Dec2024 00:29:49.898] [Server thread/INFO] [net.minecraft.server.MinecraftServer/]: [LaiyLiod: Set own game mode to Creative Mode]
[22Dec2024 00:29:52.492] [Server thread/INFO] [net.minecraft.server.MinecraftServer/]: [LaiyLiod: Set own game mode to Survival Mode]
[22Dec2024 00:31:16.737] [Server thread/INFO] [net.minecraft.server.MinecraftServer/]: [LaiyLiod: Gave 1 [Heavy Plated Shield] to LaiyLiod]
[22Dec2024 00:46:44.577] [Server thread/INFO] [net.minecraft.server.MinecraftServer/]: [LaiyLiod: Set own game mode to Spectator Mode]
[22Dec2024 00:47:54.922] [Server thread/INFO] [net.minecraft.server.MinecraftServer/]: [LaiyLiod: Set own game mode to Survival Mode]
[22Dec2024 00:48:15.071] [Server thread/INFO] [com.teampotato.redirector.Redirector/]: Redirecting insane96mcp/enhancedai/modules/mobs/fisher/FishingHook$FishHookState
[22Dec2024 00:50:21.590] [Server thread/INFO] [net.minecraft.world.entity.LivingEntity/]: Named entity InfectedPlayer['Nova69'/62960, l='ServerLevel[world]', x=3192.80, y=81.00, z=2535.27] died: Nova69 was slain by LaiyLiod using [mordida de laiy]
[22Dec2024 00:51:54.025] [Server thread/INFO] [net.minecraft.server.network.ServerGamePacketListenerImpl/]: PanchikoKW lost connection: Disconnected
[22Dec2024 00:51:54.026] [Server thread/INFO] [net.minecraft.server.MinecraftServer/]: PanchikoKW left the game
[22Dec2024 00:52:43.534] [Server thread/INFO] [net.minecraft.world.entity.LivingEntity/]: Named entity InfectedPlayer['Pajera'/64142, l='ServerLevel[world]', x=3236.46, y=77.00, z=2518.99] died: Pajera was shot by Bonescaller
[22Dec2024 00:56:57.326] [Server thread/INFO] [net.minecraft.world.entity.LivingEntity/]: Named entity Creeper['Angry Creeper'/68002, l='ServerLevel[world]', x=3235.21, y=80.00, z=2522.21] died: Angry Creeper was slain by Baby Spider
[22Dec2024 01:02:16.459] [Server thread/INFO] [com.teampotato.redirector.Redirector/]: Redirecting net/potionstudios/biomeswevegone/world/entity/manowar/ManOWar$Colors
[22Dec2024 01:02:28.132] [Server thread/INFO] [com.teampotato.redirector.Redirector/]: Redirecting com/github/alexthe666/iceandfire/entity/ai/MyrmexAIReEnterHive$Phases
[22Dec2024 01:05:34.120] [Server thread/WARN] [net.minecraft.server.level.ServerLevel/]: Tried to add entity burnt:spark but it was marked as removed already
[22Dec2024 01:11:25.661] [Server thread/INFO] [net.minecraft.world.entity.LivingEntity/]: Named entity InfectedPlayer['Deyvid'/82031, l='ServerLevel[world]', x=3079.30, y=-9.00, z=2534.88] died: Deyvid was slain by Zombie Bruiser
[22Dec2024 01:11:47.724] [Server thread/INFO] [net.minecraft.server.MinecraftServer/]: [LaiyLiod: Set own game mode to Spectator Mode]
[22Dec2024 01:11:49.673] [Server thread/INFO] [net.minecraft.server.MinecraftServer/]: [LaiyLiod: Set own game mode to Survival Mode]
[22Dec2024 01:15:15.782] [Server thread/INFO] [net.minecraft.server.MinecraftServer/]: [LaiyLiod: Set own game mode to Creative Mode]
[22Dec2024 01:15:27.333] [Server thread/INFO] [net.minecraft.server.MinecraftServer/]: [LaiyLiod: Set own game mode to Survival Mode]
[22Dec2024 01:16:28.719] [Server thread/INFO] [net.minecraft.world.entity.LivingEntity/]: Named entity InfectedPlayer['Zero'/84978, l='ServerLevel[world]', x=3211.26, y=20.00, z=2644.51] died: Zero was slain by Door Knight
[22Dec2024 01:21:02.018] [Server thread/INFO] [net.minecraft.world.entity.LivingEntity/]: Named entity InfectedPlayer['Belladonna'/85386, l='ServerLevel[world]', x=3184.30, y=24.59, z=2600.30] died: Belladonna was slain by Swarmer
[22Dec2024 01:22:43.906] [Worker-Main-10/INFO] [com.teampotato.redirector.Redirector/]: Redirecting org/violetmoon/quark/content/world/gen/FallenLogGenerator$Decor
[22Dec2024 01:23:06.212] [Server thread/INFO] [net.minecraft.world.entity.LivingEntity/]: Named entity InfectedPlayer['Helldwin'/89864, l='ServerLevel[world]', x=6.35, y=33.00, z=596.58] died: Helldwin was slain by Spiders Mother
[22Dec2024 01:28:30.775] [Server thread/INFO] [net.minecraft.world.entity.LivingEntity/]: Named entity InfectedPlayer['Mad_Dog'/92641, l='ServerLevel[world]', x=-14.22, y=14.75, z=628.67] died: Mad_Dog was slain by Zombie Bruiser
[22Dec2024 01:29:58.192] [Server thread/INFO] [net.minecraft.server.MinecraftServer/]: [LaiyLiod: Set own game mode to Creative Mode]
[22Dec2024 01:30:00.620] [Server thread/INFO] [net.minecraft.server.MinecraftServer/]: [LaiyLiod: Set own game mode to Survival Mode]
[22Dec2024 01:30:26.039] [Server thread/INFO] [net.minecraft.server.MinecraftServer/]: [LaiyLiod: Set own game mode to Creative Mode]
[22Dec2024 01:30:32.785] [Server thread/INFO] [net.minecraft.server.MinecraftServer/]: [LaiyLiod: Set own game mode to Survival Mode]
[22Dec2024 01:30:35.101] [Server thread/INFO] [net.minecraft.server.MinecraftServer/]: [LaiyLiod: Set own game mode to Creative Mode]
[22Dec2024 01:30:37.435] [Server thread/INFO] [net.minecraft.server.MinecraftServer/]: [LaiyLiod: Set own game mode to Survival Mode]
[22Dec2024 01:34:26.021] [Server thread/INFO] [net.minecraft.server.MinecraftServer/]: [LaiyLiod: Set own game mode to Creative Mode]
[22Dec2024 01:39:43.369] [Server thread/INFO] [net.minecraft.server.MinecraftServer/]: [LaiyLiod: Set own game mode to Survival Mode]
[22Dec2024 01:39:44.716] [Server thread/INFO] [net.minecraft.server.network.ServerGamePacketListenerImpl/]: LaiyLiod lost connection: Disconnected
[22Dec2024 01:39:44.716] [Server thread/INFO] [net.minecraft.server.MinecraftServer/]: LaiyLiod left the game
[22Dec2024 01:39:57.503] [Server thread/INFO] [net.minecraft.server.MinecraftServer/]: Stopping the server
[22Dec2024 01:39:57.554] [Server thread/INFO] [MapFrontiers/]: ServerStoppingEvent done
[22Dec2024 01:39:57.558] [Server thread/INFO] [net.minecraft.server.MinecraftServer/]: Stopping server
[22Dec2024 01:39:57.558] [Server thread/INFO] [net.minecraft.server.MinecraftServer/]: Saving players
[22Dec2024 01:39:57.558] [Server thread/INFO] [net.minecraft.server.MinecraftServer/]: Saving worlds
[22Dec2024 01:39:57.559] [Server thread/INFO] [net.minecraft.server.MinecraftServer/]: Saving chunks for level 'ServerLevel[world]'/minecraft:overworld
[22Dec2024 01:39:57.572] [Server thread/INFO] [net.minecraft.server.MinecraftServer/]: Saving chunks for level 'ServerLevel[world]'/deeperdarker:otherside
[22Dec2024 01:39:57.572] [Server thread/INFO] [net.minecraft.server.MinecraftServer/]: Saving chunks for level 'ServerLevel[world]'/minecraft:the_nether
[22Dec2024 01:39:57.574] [Server thread/INFO] [net.minecraft.server.MinecraftServer/]: Saving chunks for level 'ServerLevel[world]'/minecraft:the_end
[22Dec2024 01:39:57.662] [Server thread/INFO] [net.minecraft.server.MinecraftServer/]: ThreadedAnvilChunkStorage (world): All chunks are saved
[22Dec2024 01:39:57.662] [Server thread/INFO] [net.minecraft.server.MinecraftServer/]: ThreadedAnvilChunkStorage (otherside): All chunks are saved
[22Dec2024 01:39:57.663] [Server thread/INFO] [net.minecraft.server.MinecraftServer/]: ThreadedAnvilChunkStorage (DIM-1): All chunks are saved
[22Dec2024 01:39:57.663] [Server thread/INFO] [net.minecraft.server.MinecraftServer/]: ThreadedAnvilChunkStorage (DIM1): All chunks are saved
[22Dec2024 01:39:57.663] [Server thread/INFO] [net.minecraft.server.MinecraftServer/]: ThreadedAnvilChunkStorage: All dimensions are saved
[22Dec2024 01:39:57.722] [Server thread/INFO] [journeymap/]: Loading JourneyMap Forge Configs
